                            Memory Type Usage Summary                             
+--------------------------------------------------------------------------------+
| Memory Type/Section | Used [bytes] | Used [%] | Remain [bytes] | Total [bytes] |
|---------------------+--------------+----------+----------------+---------------|
| Flash Code          |       115134 |          |                |               |
|    .text            |       115134 |          |                |               |
| DIRAM               |        57407 |     16.8 |         284353 |        341760 |
|    .text            |        44031 |    12.88 |                |               |
|    .data            |        10968 |     3.21 |                |               |
|    .bss             |         2408 |      0.7 |                |               |
| Flash Data          |        49384 |          |                |               |
|    .rodata          |        49128 |          |                |               |
|    .appdesc         |          256 |          |                |               |
| IRAM                |        16384 |    100.0 |              0 |         16384 |
|    .text            |        15356 |    93.73 |                |               |
|    .vectors         |         1028 |     6.27 |                |               |
| RTC FAST            |           56 |     0.68 |           8136 |          8192 |
|    .force_fast      |           32 |     0.39 |                |               |
|    .rtc_reserved    |           24 |     0.29 |                |               |
+--------------------------------------------------------------------------------+
C:\Espressif\python_env\idf5.5_py3.11_env\Scripts\python.exe C:\Espressif\frameworks\esp-idf-v5.5\components\partition_table\gen_esp32part.py D:\Embedded System Volume\Esp_IDF_workspace\007_BMP180_Temp_pre_sensor_project\build\partition_table\partition-table.bin
Total time taken to build the project: 12,009 ms