                            Memory Type Usage Summary                             
+--------------------------------------------------------------------------------+
| Memory Type/Section | Used [bytes] | Used [%] | Remain [bytes] | Total [bytes] |
|---------------------+--------------+----------+----------------+---------------|
| Flash Code          |       596490 |          |                |               |
|    .text            |       596490 |          |                |               |
| Flash Data          |       408208 |          |                |               |
|    .rodata          |       407952 |          |                |               |
|    .appdesc         |          256 |          |                |               |
| DIRAM               |       111375 |    32.59 |         230385 |        341760 |
|    .text            |        76587 |    22.41 |                |               |
|    .data            |        19052 |     5.57 |                |               |
|    .bss             |        15736 |      4.6 |                |               |
| IRAM                |        16384 |    100.0 |              0 |         16384 |
|    .text            |        15356 |    93.73 |                |               |
|    .vectors         |         1028 |     6.27 |                |               |
| RTC FAST            |           56 |     0.68 |           8136 |          8192 |
|    .force_fast      |           32 |     0.39 |                |               |
|    .rtc_reserved    |           24 |     0.29 |                |               |
+--------------------------------------------------------------------------------+
C:\Espressif\python_env\idf5.5_py3.11_env\Scripts\python.exe C:\Espressif\frameworks\esp-idf-v5.5\components\partition_table\gen_esp32part.py D:\Embedded System Volume\Esp_IDF_workspace\008_OTA_Update_Firmware_update_project\build\partition_table\partition-table.bin
Total time taken to build the project: 5,475 ms