                            Memory Type Usage Summary                             
+--------------------------------------------------------------------------------+
| Memory Type/Section | Used [bytes] | Used [%] | Remain [bytes] | Total [bytes] |
|---------------------+--------------+----------+----------------+---------------|
| Flash Code          |       594338 |          |                |               |
|    .text            |       594338 |          |                |               |
| Flash Data          |       413496 |          |                |               |
|    .rodata          |       413240 |          |                |               |
|    .appdesc         |          256 |          |                |               |
| DIRAM               |       110663 |    32.38 |         231097 |        341760 |
|    .text            |        76035 |    22.25 |                |               |
|    .data            |        18980 |     5.55 |                |               |
|    .bss             |        15648 |     4.58 |                |               |
| IRAM                |        16384 |    100.0 |              0 |         16384 |
|    .text            |        15356 |    93.73 |                |               |
|    .vectors         |         1028 |     6.27 |                |               |
| RTC FAST            |           56 |     0.68 |           8136 |          8192 |
|    .force_fast      |           32 |     0.39 |                |               |
|    .rtc_reserved    |           24 |     0.29 |                |               |
+--------------------------------------------------------------------------------+
C:\Espressif\python_env\idf5.5_py3.11_env\Scripts\python.exe C:\Espressif\frameworks\esp-idf-v5.5\components\partition_table\gen_esp32part.py D:\Embedded System Volume\Esp_IDF_workspace\010_Device_connect_external_AP_project\build\partition_table\partition-table.bin
Total time taken to build the project: 6,278 ms