                            Memory Type Usage Summary                             
+--------------------------------------------------------------------------------+
| Memory Type/Section | Used [bytes] | Used [%] | Remain [bytes] | Total [bytes] |
|---------------------+--------------+----------+----------------+---------------|
| Flash Code          |       106014 |          |                |               |
|    .text            |       106014 |          |                |               |
| DIRAM               |        61019 |    17.85 |         280741 |        341760 |
|    .text            |        47739 |    13.97 |                |               |
|    .data            |        11000 |     3.22 |                |               |
|    .bss             |         2280 |     0.67 |                |               |
| Flash Data          |        45940 |          |                |               |
|    .rodata          |        45684 |          |                |               |
|    .appdesc         |          256 |          |                |               |
| IRAM                |        16384 |    100.0 |              0 |         16384 |
|    .text            |        15356 |    93.73 |                |               |
|    .vectors         |         1028 |     6.27 |                |               |
| RTC FAST            |           56 |     0.68 |           8136 |          8192 |
|    .force_fast      |           32 |     0.39 |                |               |
|    .rtc_reserved    |           24 |     0.29 |                |               |
+--------------------------------------------------------------------------------+
C:\Espressif\python_env\idf5.5_py3.11_env\Scripts\python.exe C:\Espressif\frameworks\esp-idf-v5.5\components\partition_table\gen_esp32part.py D:\Embedded System Volume\Esp_IDF_workspace\011_OPT3001_lux_sensor_read_project\build\partition_table\partition-table.bin
Total time taken to build the project: 29,088 ms